build/app/intermediates/manifest_merge_blame_file/release/manifest-merger-blame-release-report.txt
1<?xml version="1.0" encoding="utf-8"?>
2<manifest xmlns:android="http://schemas.android.com/apk/res/android"
3    package="com.tiff.tiffinbox"
4    android:versionCode="9"
5    android:versionName="9.0" >
6
7    <uses-sdk
8        android:minSdkVersion="21"
8-->src/main/AndroidManifest.xml
9        android:targetSdkVersion="33" />
9-->src/main/AndroidManifest.xml
10
11    <uses-permission android:name="android.permission.INTERNET" />
11-->src/main/AndroidManifest.xml:4:9-70
11-->src/main/AndroidManifest.xml:4:26-68
12    <uses-permission android:name="android.permission.ACCESS_FINE_LOCATION" />
12-->src/main/AndroidManifest.xml:5:5-79
12-->src/main/AndroidManifest.xml:5:22-76
13    <uses-permission android:name="android.permission.ACCESS_COARSE_LOCATION" />
13-->src/main/AndroidManifest.xml:6:5-81
13-->src/main/AndroidManifest.xml:6:22-78
14
15    <queries>
15-->[:flutter_inappwebview] AndroidManifest.xml:9:5-13:15
16        <intent>
16-->[:flutter_inappwebview] AndroidManifest.xml:10:9-12:18
17            <action android:name="android.support.customtabs.action.CustomTabsService" />
17-->[:flutter_inappwebview] AndroidManifest.xml:11:13-90
17-->[:flutter_inappwebview] AndroidManifest.xml:11:21-87
18        </intent>
19    </queries>
20
21    <uses-permission android:name="android.permission.ACCESS_NETWORK_STATE" />
21-->[com.google.firebase:firebase-auth:21.3.0] AndroidManifest.xml:26:5-79
21-->[com.google.firebase:firebase-auth:21.3.0] AndroidManifest.xml:26:22-76
22    <uses-permission android:name="android.permission.WAKE_LOCK" />
22-->[com.google.android.gms:play-services-measurement-api:21.2.2] AndroidManifest.xml:24:5-68
22-->[com.google.android.gms:play-services-measurement-api:21.2.2] AndroidManifest.xml:24:22-65
23    <uses-permission android:name="com.google.android.gms.permission.AD_ID" />
23-->[com.google.android.gms:play-services-measurement-api:21.2.2] AndroidManifest.xml:25:5-79
23-->[com.google.android.gms:play-services-measurement-api:21.2.2] AndroidManifest.xml:25:22-76
24    <uses-permission android:name="com.google.android.finsky.permission.BIND_GET_INSTALL_REFERRER_SERVICE" />
24-->[com.google.android.gms:play-services-measurement:21.2.2] AndroidManifest.xml:26:5-110
24-->[com.google.android.gms:play-services-measurement:21.2.2] AndroidManifest.xml:26:22-107
25
26    <permission
26-->[androidx.core:core:1.9.0] AndroidManifest.xml:22:5-24:47
27        android:name="com.tiff.tiffinbox.DYNAMIC_RECEIVER_NOT_EXPORTED_PERMISSION"
27-->[androidx.core:core:1.9.0] AndroidManifest.xml:23:9-81
28        android:protectionLevel="signature" />
28-->[androidx.core:core:1.9.0] AndroidManifest.xml:24:9-44
29
30    <uses-permission android:name="com.tiff.tiffinbox.DYNAMIC_RECEIVER_NOT_EXPORTED_PERMISSION" />
30-->[androidx.core:core:1.9.0] AndroidManifest.xml:26:5-97
30-->[androidx.core:core:1.9.0] AndroidManifest.xml:26:22-94
31
32    <application
33        android:name="android.app.Application"
33-->src/main/AndroidManifest.xml:10:9-42
34        android:appComponentFactory="androidx.core.app.CoreComponentFactory"
34-->[androidx.core:core:1.9.0] AndroidManifest.xml:28:18-86
35        android:icon="@mipmap/ic_launcher"
35-->src/main/AndroidManifest.xml:12:9-43
36        android:label="Brampton Tiffin"
36-->src/main/AndroidManifest.xml:9:9-40
37        android:usesCleartextTraffic="true" >
37-->src/main/AndroidManifest.xml:11:9-44
38        <activity
38-->src/main/AndroidManifest.xml:13:9-33:20
39            android:name="com.tiff.tiffinbox.MainActivity"
39-->src/main/AndroidManifest.xml:14:13-41
40            android:configChanges="orientation|keyboardHidden|keyboard|screenSize|smallestScreenSize|locale|layoutDirection|fontScale|screenLayout|density|uiMode"
40-->src/main/AndroidManifest.xml:18:13-163
41            android:exported="true"
41-->src/main/AndroidManifest.xml:15:13-36
42            android:hardwareAccelerated="true"
42-->src/main/AndroidManifest.xml:19:13-47
43            android:launchMode="singleTop"
43-->src/main/AndroidManifest.xml:16:13-43
44            android:theme="@style/LaunchTheme"
44-->src/main/AndroidManifest.xml:17:13-47
45            android:windowSoftInputMode="adjustResize" >
45-->src/main/AndroidManifest.xml:20:13-55
46
47            <!--
48                 Specifies an Android theme to apply to this Activity as soon as
49                 the Android process has started. This theme is visible to the user
50                 while the Flutter UI initializes. After that, this theme continues
51                 to determine the Window background behind the Flutter UI.
52            -->
53            <meta-data
53-->src/main/AndroidManifest.xml:25:13-28:17
54                android:name="io.flutter.embedding.android.NormalTheme"
54-->src/main/AndroidManifest.xml:26:15-70
55                android:resource="@style/NormalTheme" />
55-->src/main/AndroidManifest.xml:27:15-52
56
57            <intent-filter>
57-->src/main/AndroidManifest.xml:29:13-32:29
58                <action android:name="android.intent.action.MAIN" />
58-->src/main/AndroidManifest.xml:30:17-68
58-->src/main/AndroidManifest.xml:30:25-66
59
60                <category android:name="android.intent.category.LAUNCHER" />
60-->src/main/AndroidManifest.xml:31:17-76
60-->src/main/AndroidManifest.xml:31:27-74
61            </intent-filter>
62        </activity>
63        <!--
64             Don't delete the meta-data below.
65             This is used by the Flutter tool to generate GeneratedPluginRegistrant.java
66        -->
67        <meta-data
67-->src/main/AndroidManifest.xml:36:9-38:33
68            android:name="flutterEmbedding"
68-->src/main/AndroidManifest.xml:37:13-44
69            android:value="2" />
69-->src/main/AndroidManifest.xml:38:13-30
70
71        <service
71-->[:firebase_auth] AndroidManifest.xml:10:9-14:19
72            android:name="com.google.firebase.components.ComponentDiscoveryService"
72-->[:firebase_auth] AndroidManifest.xml:10:18-89
73            android:directBootAware="true"
73-->[com.google.firebase:firebase-common:20.3.2] AndroidManifest.xml:34:13-43
74            android:exported="false" >
74-->[com.google.firebase:firebase-analytics-ktx:21.2.2] AndroidManifest.xml:10:13-37
75            <meta-data
75-->[:firebase_auth] AndroidManifest.xml:11:13-13:85
76                android:name="com.google.firebase.components:io.flutter.plugins.firebase.auth.FlutterFirebaseAuthRegistrar"
76-->[:firebase_auth] AndroidManifest.xml:12:17-124
77                android:value="com.google.firebase.components.ComponentRegistrar" />
77-->[:firebase_auth] AndroidManifest.xml:13:17-82
78            <meta-data
78-->[:firebase_core] AndroidManifest.xml:11:13-13:85
79                android:name="com.google.firebase.components:io.flutter.plugins.firebase.core.FlutterFirebaseCoreRegistrar"
79-->[:firebase_core] AndroidManifest.xml:12:17-124
80                android:value="com.google.firebase.components.ComponentRegistrar" />
80-->[:firebase_core] AndroidManifest.xml:13:17-82
81            <meta-data
81-->[com.google.firebase:firebase-analytics-ktx:21.2.2] AndroidManifest.xml:11:13-13:85
82                android:name="com.google.firebase.components:com.google.firebase.analytics.ktx.FirebaseAnalyticsKtxRegistrar"
82-->[com.google.firebase:firebase-analytics-ktx:21.2.2] AndroidManifest.xml:12:17-126
83                android:value="com.google.firebase.components.ComponentRegistrar" />
83-->[com.google.firebase:firebase-analytics-ktx:21.2.2] AndroidManifest.xml:13:17-82
84            <meta-data
84-->[com.google.firebase:firebase-common-ktx:20.3.2] AndroidManifest.xml:14:13-16:85
85                android:name="com.google.firebase.components:com.google.firebase.ktx.FirebaseCommonKtxRegistrar"
85-->[com.google.firebase:firebase-common-ktx:20.3.2] AndroidManifest.xml:15:17-113
86                android:value="com.google.firebase.components.ComponentRegistrar" />
86-->[com.google.firebase:firebase-common-ktx:20.3.2] AndroidManifest.xml:16:17-82
87            <meta-data
87-->[com.google.firebase:firebase-auth:21.3.0] AndroidManifest.xml:69:13-71:85
88                android:name="com.google.firebase.components:com.google.firebase.auth.FirebaseAuthRegistrar"
88-->[com.google.firebase:firebase-auth:21.3.0] AndroidManifest.xml:70:17-109
89                android:value="com.google.firebase.components.ComponentRegistrar" />
89-->[com.google.firebase:firebase-auth:21.3.0] AndroidManifest.xml:71:17-82
90            <meta-data
90-->[com.google.android.gms:play-services-measurement-api:21.2.2] AndroidManifest.xml:31:13-33:85
91                android:name="com.google.firebase.components:com.google.firebase.analytics.connector.internal.AnalyticsConnectorRegistrar"
91-->[com.google.android.gms:play-services-measurement-api:21.2.2] AndroidManifest.xml:32:17-139
92                android:value="com.google.firebase.components.ComponentRegistrar" />
92-->[com.google.android.gms:play-services-measurement-api:21.2.2] AndroidManifest.xml:33:17-82
93            <meta-data
93-->[com.google.firebase:firebase-installations:17.1.3] AndroidManifest.xml:17:13-19:85
94                android:name="com.google.firebase.components:com.google.firebase.installations.FirebaseInstallationsRegistrar"
94-->[com.google.firebase:firebase-installations:17.1.3] AndroidManifest.xml:18:17-127
95                android:value="com.google.firebase.components.ComponentRegistrar" />
95-->[com.google.firebase:firebase-installations:17.1.3] AndroidManifest.xml:19:17-82
96        </service>
97
98        <activity
98-->[:flutter_inappwebview] AndroidManifest.xml:16:9-20:47
99            android:name="com.pichillilorenzo.flutter_inappwebview.in_app_browser.InAppBrowserActivity"
99-->[:flutter_inappwebview] AndroidManifest.xml:17:13-104
100            android:configChanges="orientation|keyboardHidden|keyboard|screenSize|locale|layoutDirection|fontScale|screenLayout|density"
100-->[:flutter_inappwebview] AndroidManifest.xml:18:13-137
101            android:exported="false"
101-->[:flutter_inappwebview] AndroidManifest.xml:19:13-37
102            android:theme="@style/AppTheme" />
102-->[:flutter_inappwebview] AndroidManifest.xml:20:13-44
103        <activity
103-->[:flutter_inappwebview] AndroidManifest.xml:21:9-24:55
104            android:name="com.pichillilorenzo.flutter_inappwebview.chrome_custom_tabs.ChromeCustomTabsActivity"
104-->[:flutter_inappwebview] AndroidManifest.xml:22:13-112
105            android:exported="false"
105-->[:flutter_inappwebview] AndroidManifest.xml:23:13-37
106            android:theme="@style/ThemeTransparent" />
106-->[:flutter_inappwebview] AndroidManifest.xml:24:13-52
107        <activity
107-->[:flutter_inappwebview] AndroidManifest.xml:25:9-28:55
108            android:name="com.pichillilorenzo.flutter_inappwebview.chrome_custom_tabs.TrustedWebActivity"
108-->[:flutter_inappwebview] AndroidManifest.xml:26:13-106
109            android:exported="false"
109-->[:flutter_inappwebview] AndroidManifest.xml:27:13-37
110            android:theme="@style/ThemeTransparent" />
110-->[:flutter_inappwebview] AndroidManifest.xml:28:13-52
111        <activity
111-->[:flutter_inappwebview] AndroidManifest.xml:29:9-33:55
112            android:name="com.pichillilorenzo.flutter_inappwebview.chrome_custom_tabs.ChromeCustomTabsActivitySingleInstance"
112-->[:flutter_inappwebview] AndroidManifest.xml:30:13-126
113            android:exported="false"
113-->[:flutter_inappwebview] AndroidManifest.xml:31:13-37
114            android:launchMode="singleInstance"
114-->[:flutter_inappwebview] AndroidManifest.xml:32:13-48
115            android:theme="@style/ThemeTransparent" />
115-->[:flutter_inappwebview] AndroidManifest.xml:33:13-52
116        <activity
116-->[:flutter_inappwebview] AndroidManifest.xml:34:9-38:55
117            android:name="com.pichillilorenzo.flutter_inappwebview.chrome_custom_tabs.TrustedWebActivitySingleInstance"
117-->[:flutter_inappwebview] AndroidManifest.xml:35:13-120
118            android:exported="false"
118-->[:flutter_inappwebview] AndroidManifest.xml:36:13-37
119            android:launchMode="singleInstance"
119-->[:flutter_inappwebview] AndroidManifest.xml:37:13-48
120            android:theme="@style/ThemeTransparent" />
120-->[:flutter_inappwebview] AndroidManifest.xml:38:13-52
121
122        <receiver
122-->[:flutter_inappwebview] AndroidManifest.xml:40:9-43:40
123            android:name="com.pichillilorenzo.flutter_inappwebview.chrome_custom_tabs.ActionBroadcastReceiver"
123-->[:flutter_inappwebview] AndroidManifest.xml:41:13-111
124            android:enabled="true"
124-->[:flutter_inappwebview] AndroidManifest.xml:42:13-35
125            android:exported="false" />
125-->[:flutter_inappwebview] AndroidManifest.xml:43:13-37
126
127        <meta-data
127-->[:flutter_inappwebview] AndroidManifest.xml:45:9-47:36
128            android:name="io.flutter.embedded_views_preview"
128-->[:flutter_inappwebview] AndroidManifest.xml:46:13-61
129            android:value="true" />
129-->[:flutter_inappwebview] AndroidManifest.xml:47:13-33
130
131        <provider
131-->[:image_picker_android] AndroidManifest.xml:10:9-18:20
132            android:name="io.flutter.plugins.imagepicker.ImagePickerFileProvider"
132-->[:image_picker_android] AndroidManifest.xml:11:13-82
133            android:authorities="com.tiff.tiffinbox.flutter.image_provider"
133-->[:image_picker_android] AndroidManifest.xml:12:13-74
134            android:exported="false"
134-->[:image_picker_android] AndroidManifest.xml:13:13-37
135            android:grantUriPermissions="true" >
135-->[:image_picker_android] AndroidManifest.xml:14:13-47
136            <meta-data
136-->[:image_picker_android] AndroidManifest.xml:15:13-17:75
137                android:name="android.support.FILE_PROVIDER_PATHS"
137-->[:image_picker_android] AndroidManifest.xml:16:17-67
138                android:resource="@xml/flutter_image_picker_file_paths" />
138-->[:image_picker_android] AndroidManifest.xml:17:17-72
139        </provider>
140
141        <activity
141-->[:url_launcher_android] AndroidManifest.xml:10:9-13:74
142            android:name="io.flutter.plugins.urllauncher.WebViewActivity"
142-->[:url_launcher_android] AndroidManifest.xml:11:13-74
143            android:exported="false"
143-->[:url_launcher_android] AndroidManifest.xml:12:13-37
144            android:theme="@android:style/Theme.NoTitleBar.Fullscreen" />
144-->[:url_launcher_android] AndroidManifest.xml:13:13-71
145        <activity
145-->[com.google.firebase:firebase-auth:21.3.0] AndroidManifest.xml:29:9-46:20
146            android:name="com.google.firebase.auth.internal.GenericIdpActivity"
146-->[com.google.firebase:firebase-auth:21.3.0] AndroidManifest.xml:30:13-80
147            android:excludeFromRecents="true"
147-->[com.google.firebase:firebase-auth:21.3.0] AndroidManifest.xml:31:13-46
148            android:exported="true"
148-->[com.google.firebase:firebase-auth:21.3.0] AndroidManifest.xml:32:13-36
149            android:launchMode="singleTask"
149-->[com.google.firebase:firebase-auth:21.3.0] AndroidManifest.xml:33:13-44
150            android:theme="@android:style/Theme.Translucent.NoTitleBar" >
150-->[com.google.firebase:firebase-auth:21.3.0] AndroidManifest.xml:34:13-72
151            <intent-filter>
151-->[com.google.firebase:firebase-auth:21.3.0] AndroidManifest.xml:35:13-45:29
152                <action android:name="android.intent.action.VIEW" />
152-->[com.google.firebase:firebase-auth:21.3.0] AndroidManifest.xml:36:17-69
152-->[com.google.firebase:firebase-auth:21.3.0] AndroidManifest.xml:36:25-66
153
154                <category android:name="android.intent.category.DEFAULT" />
154-->[com.google.firebase:firebase-auth:21.3.0] AndroidManifest.xml:38:17-76
154-->[com.google.firebase:firebase-auth:21.3.0] AndroidManifest.xml:38:27-73
155                <category android:name="android.intent.category.BROWSABLE" />
155-->[com.google.firebase:firebase-auth:21.3.0] AndroidManifest.xml:39:17-78
155-->[com.google.firebase:firebase-auth:21.3.0] AndroidManifest.xml:39:27-75
156
157                <data
157-->[com.google.firebase:firebase-auth:21.3.0] AndroidManifest.xml:41:17-44:51
158                    android:host="firebase.auth"
158-->[com.google.firebase:firebase-auth:21.3.0] AndroidManifest.xml:42:21-49
159                    android:path="/"
159-->[com.google.firebase:firebase-auth:21.3.0] AndroidManifest.xml:43:21-37
160                    android:scheme="genericidp" />
160-->[com.google.firebase:firebase-auth:21.3.0] AndroidManifest.xml:44:21-48
161            </intent-filter>
162        </activity>
163        <activity
163-->[com.google.firebase:firebase-auth:21.3.0] AndroidManifest.xml:47:9-64:20
164            android:name="com.google.firebase.auth.internal.RecaptchaActivity"
164-->[com.google.firebase:firebase-auth:21.3.0] AndroidManifest.xml:48:13-79
165            android:excludeFromRecents="true"
165-->[com.google.firebase:firebase-auth:21.3.0] AndroidManifest.xml:49:13-46
166            android:exported="true"
166-->[com.google.firebase:firebase-auth:21.3.0] AndroidManifest.xml:50:13-36
167            android:launchMode="singleTask"
167-->[com.google.firebase:firebase-auth:21.3.0] AndroidManifest.xml:51:13-44
168            android:theme="@android:style/Theme.Translucent.NoTitleBar" >
168-->[com.google.firebase:firebase-auth:21.3.0] AndroidManifest.xml:52:13-72
169            <intent-filter>
169-->[com.google.firebase:firebase-auth:21.3.0] AndroidManifest.xml:53:13-63:29
170                <action android:name="android.intent.action.VIEW" />
170-->[com.google.firebase:firebase-auth:21.3.0] AndroidManifest.xml:36:17-69
170-->[com.google.firebase:firebase-auth:21.3.0] AndroidManifest.xml:36:25-66
171
172                <category android:name="android.intent.category.DEFAULT" />
172-->[com.google.firebase:firebase-auth:21.3.0] AndroidManifest.xml:38:17-76
172-->[com.google.firebase:firebase-auth:21.3.0] AndroidManifest.xml:38:27-73
173                <category android:name="android.intent.category.BROWSABLE" />
173-->[com.google.firebase:firebase-auth:21.3.0] AndroidManifest.xml:39:17-78
173-->[com.google.firebase:firebase-auth:21.3.0] AndroidManifest.xml:39:27-75
174
175                <data
175-->[com.google.firebase:firebase-auth:21.3.0] AndroidManifest.xml:41:17-44:51
176                    android:host="firebase.auth"
176-->[com.google.firebase:firebase-auth:21.3.0] AndroidManifest.xml:42:21-49
177                    android:path="/"
177-->[com.google.firebase:firebase-auth:21.3.0] AndroidManifest.xml:43:21-37
178                    android:scheme="recaptcha" />
178-->[com.google.firebase:firebase-auth:21.3.0] AndroidManifest.xml:44:21-48
179            </intent-filter>
180        </activity>
181
182        <provider
182-->[com.google.firebase:firebase-common:20.3.2] AndroidManifest.xml:25:9-30:39
183            android:name="com.google.firebase.provider.FirebaseInitProvider"
183-->[com.google.firebase:firebase-common:20.3.2] AndroidManifest.xml:26:13-77
184            android:authorities="com.tiff.tiffinbox.firebaseinitprovider"
184-->[com.google.firebase:firebase-common:20.3.2] AndroidManifest.xml:27:13-72
185            android:directBootAware="true"
185-->[com.google.firebase:firebase-common:20.3.2] AndroidManifest.xml:28:13-43
186            android:exported="false"
186-->[com.google.firebase:firebase-common:20.3.2] AndroidManifest.xml:29:13-37
187            android:initOrder="100" />
187-->[com.google.firebase:firebase-common:20.3.2] AndroidManifest.xml:30:13-36
188
189        <activity
189-->[com.google.android.gms:play-services-base:17.1.0] AndroidManifest.xml:23:9-26:75
190            android:name="com.google.android.gms.common.api.GoogleApiActivity"
190-->[com.google.android.gms:play-services-base:17.1.0] AndroidManifest.xml:24:13-79
191            android:exported="false"
191-->[com.google.android.gms:play-services-base:17.1.0] AndroidManifest.xml:25:13-37
192            android:theme="@android:style/Theme.Translucent.NoTitleBar" />
192-->[com.google.android.gms:play-services-base:17.1.0] AndroidManifest.xml:26:13-72
193
194        <receiver
194-->[com.google.android.gms:play-services-measurement:21.2.2] AndroidManifest.xml:29:9-33:20
195            android:name="com.google.android.gms.measurement.AppMeasurementReceiver"
195-->[com.google.android.gms:play-services-measurement:21.2.2] AndroidManifest.xml:30:13-85
196            android:enabled="true"
196-->[com.google.android.gms:play-services-measurement:21.2.2] AndroidManifest.xml:31:13-35
197            android:exported="false" >
197-->[com.google.android.gms:play-services-measurement:21.2.2] AndroidManifest.xml:32:13-37
198        </receiver>
199
200        <service
200-->[com.google.android.gms:play-services-measurement:21.2.2] AndroidManifest.xml:35:9-38:40
201            android:name="com.google.android.gms.measurement.AppMeasurementService"
201-->[com.google.android.gms:play-services-measurement:21.2.2] AndroidManifest.xml:36:13-84
202            android:enabled="true"
202-->[com.google.android.gms:play-services-measurement:21.2.2] AndroidManifest.xml:37:13-35
203            android:exported="false" />
203-->[com.google.android.gms:play-services-measurement:21.2.2] AndroidManifest.xml:38:13-37
204        <service
204-->[com.google.android.gms:play-services-measurement:21.2.2] AndroidManifest.xml:39:9-43:72
205            android:name="com.google.android.gms.measurement.AppMeasurementJobService"
205-->[com.google.android.gms:play-services-measurement:21.2.2] AndroidManifest.xml:40:13-87
206            android:enabled="true"
206-->[com.google.android.gms:play-services-measurement:21.2.2] AndroidManifest.xml:41:13-35
207            android:exported="false"
207-->[com.google.android.gms:play-services-measurement:21.2.2] AndroidManifest.xml:42:13-37
208            android:permission="android.permission.BIND_JOB_SERVICE" />
208-->[com.google.android.gms:play-services-measurement:21.2.2] AndroidManifest.xml:43:13-69
209
210        <meta-data
210-->[com.google.android.gms:play-services-basement:18.1.0] AndroidManifest.xml:21:9-23:69
211            android:name="com.google.android.gms.version"
211-->[com.google.android.gms:play-services-basement:18.1.0] AndroidManifest.xml:22:13-58
212            android:value="@integer/google_play_services_version" />
212-->[com.google.android.gms:play-services-basement:18.1.0] AndroidManifest.xml:23:13-66
213
214        <uses-library
214-->[androidx.window:window:1.0.0-beta04] AndroidManifest.xml:25:9-27:40
215            android:name="androidx.window.extensions"
215-->[androidx.window:window:1.0.0-beta04] AndroidManifest.xml:26:13-54
216            android:required="false" />
216-->[androidx.window:window:1.0.0-beta04] AndroidManifest.xml:27:13-37
217        <uses-library
217-->[androidx.window:window:1.0.0-beta04] AndroidManifest.xml:28:9-30:40
218            android:name="androidx.window.sidecar"
218-->[androidx.window:window:1.0.0-beta04] AndroidManifest.xml:29:13-51
219            android:required="false" />
219-->[androidx.window:window:1.0.0-beta04] AndroidManifest.xml:30:13-37
220
221        <provider
221-->[androidx.emoji2:emoji2:1.2.0] AndroidManifest.xml:24:9-32:20
222            android:name="androidx.startup.InitializationProvider"
222-->[androidx.emoji2:emoji2:1.2.0] AndroidManifest.xml:25:13-67
223            android:authorities="com.tiff.tiffinbox.androidx-startup"
223-->[androidx.emoji2:emoji2:1.2.0] AndroidManifest.xml:26:13-68
224            android:exported="false" >
224-->[androidx.emoji2:emoji2:1.2.0] AndroidManifest.xml:27:13-37
225            <meta-data
225-->[androidx.emoji2:emoji2:1.2.0] AndroidManifest.xml:29:13-31:52
226                android:name="androidx.emoji2.text.EmojiCompatInitializer"
226-->[androidx.emoji2:emoji2:1.2.0] AndroidManifest.xml:30:17-75
227                android:value="androidx.startup" />
227-->[androidx.emoji2:emoji2:1.2.0] AndroidManifest.xml:31:17-49
228            <meta-data
228-->[androidx.lifecycle:lifecycle-process:2.4.1] AndroidManifest.xml:31:13-33:52
229                android:name="androidx.lifecycle.ProcessLifecycleInitializer"
229-->[androidx.lifecycle:lifecycle-process:2.4.1] AndroidManifest.xml:32:17-78
230                android:value="androidx.startup" />
230-->[androidx.lifecycle:lifecycle-process:2.4.1] AndroidManifest.xml:33:17-49
231        </provider>
232    </application>
233
234</manifest>